<?xml version="1.0" encoding="UTF-8"?>
<testng-results ignored="0" total="1" passed="1" failed="0" skipped="0">
  <reporter-output>
  </reporter-output>
  <suite started-at="2024-01-02T22:00:52 IST" name="Suite" finished-at="2024-01-02T22:00:54 IST" duration-ms="1763">
    <groups>
    </groups>
    <test started-at="2024-01-02T22:00:52 IST" name="Test" finished-at="2024-01-02T22:00:54 IST" duration-ms="1763">
      <class name="restiCode.RestTest">
        <test-method signature="getUser()[pri:0, instance:restiCode.RestTest@6fd83fc1]" started-at="2024-01-02T22:00:53 IST" name="getUser" finished-at="2024-01-02T22:00:54 IST" duration-ms="1717" status="PASS">
          <reporter-output>
          </reporter-output>
        </test-method> <!-- getUser -->
      </class> <!-- restiCode.RestTest -->
    </test> <!-- Test -->
  </suite> <!-- Suite -->
</testng-results>
